Traceback (most recent call last):
  File "/public/home2/ZhuLab/htaohan/scripts/Contigs_to_bin_tsv.py", line 38, in <module>
    main()
  File "/public/home2/ZhuLab/htaohan/scripts/Contigs_to_bin_tsv.py", line 34, in main
    convert(args.paths, args.output_file)
  File "/public/home2/ZhuLab/htaohan/scripts/Contigs_to_bin_tsv.py", line 18, in convert
    files = os.listdir(paths)
FileNotFoundError: [Errno 2] No such file or directory: 'Semibin2_new/SRR17227802_SRR18495451_single_result/marine_SRR17227802_SRR18495451/output/output_bins/'
DAS Tool 1.1.6 
Error:  File does not exist: Semibin2_new/SRR17227802_SRR18495451_single_result/contig_to_bins.tsv 
Execution halted
Command exited with non-zero status 1
	Command being timed: "DAS_Tool -i Metadecoder/SRR17227802_SRR18495451_single_result/contig_to_bins.tsv,Comebin_result/SRR17227802_SRR18495451_single_result/contig_to_bins.tsv,Semibin2_new/SRR17227802_SRR18495451_single_result/contig_to_bins.tsv -l Metadecoder,Comebin,Semibin2 -c /public/home2/ZhuLab/htaohan/data/Cheese/assembly/hybrid_single_assembly_new/SRR17227802_SRR18495451_hybrid_assembly/contigs_1000.fa -o DASTool_Comebin/SRR17227802_SRR18495451_single_result/SRR17227802_SRR18495451_DASToolRun -t 16 --write_bins"
	User time (seconds): 0.97
	System time (seconds): 1.71
	Percent of CPU this job got: 283%
	Elapsed (wall clock) time (h:mm:ss or m:ss): 0:00.94
	Average shared text size (kbytes): 0
	Average unshared data size (kbytes): 0
	Average stack size (kbytes): 0
	Average total size (kbytes): 0
	Maximum resident set size (kbytes): 65964
	Average resident set size (kbytes): 0
	Major (requiring I/O) page faults: 0
	Minor (reclaiming a frame) page faults: 40640
	Voluntary context switches: 393
	Involuntary context switches: 74
	Swaps: 0
	File system inputs: 0
	File system outputs: 88
	Socket messages sent: 0
	Socket messages received: 0
	Signals delivered: 0
	Page size (bytes): 4096
	Exit status: 1
